<?xml version="1.0" encoding="UTF-8"?>
<!-- Generated by org.testng.reporters.JUnitReportReporter -->
<testsuite hostname="DESKTOP-J7IHALO" failures="0" tests="2" name="RunnerClass.TestRunner" time="20.495" errors="0" timestamp="2023-11-25T06:17:15 AEDT" skipped="0">
  <testcase classname="RunnerClass.TestRunner" name="runScenario" time="13.214"/>
  <system-out/>
  <testcase classname="RunnerClass.TestRunner" name="runScenario" time="7.281"/>
  <system-out/>
</testsuite> <!-- RunnerClass.TestRunner -->
